<?xml version="1.0" encoding="UTF-8"?>
<!-- Generated by org.testng.reporters.JUnitReportReporter -->
<testsuite hostname="DESKTOP-JFJ7DOJ" failures="0" tests="1" name="testCases.TC_001_Basic_login_reset_pass" time="50.538" errors="0" timestamp="2022-01-02T00:02:33 BDT" skipped="0">
  <testcase classname="testCases.TC_001_Basic_login_reset_pass" name="firstTestCaseToAutomateLogin" time="50.538"/>
</testsuite> <!-- testCases.TC_001_Basic_login_reset_pass -->
